<?xml version="1.0" encoding="UTF-8"?>
<TestRun id="147a820b-f434-4dd2-92ec-84b6d1c1e800" name="gabriel.medeiros@IMPETO56 2011-08-16 15:37:43" runUser="IMPETO\gabriel.medeiros" xmlns="http://microsoft.com/schemas/VisualStudio/TeamTest/2010">
  <TestSettings name="Local" id="9c0089db-48fd-4d0c-8664-f82eba3e21cb">
    <Description>These are default test settings for a local test run.</Description>
    <Deployment enabled="false" runDeploymentRoot="gabriel.medeiros_IMPETO56 2011-08-16 15_37_43">
      <DeploymentItem filename="D:\Dojo\DojoImpeto\telefone\dojoTelefone\dojoTelefone\bin\Debug\dojoTelefone.dll" />
    </Deployment>
    <Execution>
      <TestTypeSpecific />
      <AgentRule name="Execution Agents">
      </AgentRule>
    </Execution>
  </TestSettings>
  <Times creation="2011-08-16T15:37:43.7075174-03:00" queuing="2011-08-16T15:37:43.7524364-03:00" start="2011-08-16T15:37:43.7719664-03:00" finish="2011-08-16T15:37:44.0805404-03:00" />
  <ResultSummary outcome="Completed">
    <Counters total="5" executed="5" passed="5" error="0" failed="0" timeout="0" aborted="0" inconclusive="0" passedButRunAborted="0" notRunnable="0" notExecuted="0" disconnected="0" warning="0" completed="0" inProgress="0" pending="0" />
  </ResultSummary>
  <TestDefinitions>
    <UnitTest name="Passsando_letra_C_retorna_numero_2" storage="d:\dojo\dojoimpeto\telefone\dojotelefone\dojotelefone.test\bin\debug\dojotelefone.test.dll" id="cced0b66-1e82-7460-cac2-eb024454e4e5">
      <Execution id="fe357a40-d720-4c95-bd36-cada69b03485" />
      <TestMethod codeBase="D:/Dojo/DojoImpeto/telefone/dojoTelefone/dojoTelefone.Test/bin/Debug/dojoTelefone.Test.DLL" adapterTypeName="Microsoft.VisualStudio.TestTools.TestTypes.Unit.UnitTestAdapter, Microsoft.VisualStudio.QualityTools.Tips.UnitTest.Adapter, Version=10.0.0.0, Culture=neutral, PublicKeyToken=b03f5f7f11d50a3a" className="dojoTelefone.Test.TelefoneTest, dojoTelefone.Test, Version=1.0.0.0, Culture=neutral, PublicKeyToken=null" name="Passsando_letra_C_retorna_numero_2" />
    </UnitTest>
    <UnitTest name="Passsando_letra_A_retorna_numero_2" storage="d:\dojo\dojoimpeto\telefone\dojotelefone\dojotelefone.test\bin\debug\dojotelefone.test.dll" id="e90b7508-50af-ea86-ae73-6cd0dbc6274d">
      <Execution id="6af1ea09-4fde-44b1-a30e-d51efd80acca" />
      <TestMethod codeBase="D:/Dojo/DojoImpeto/telefone/dojoTelefone/dojoTelefone.Test/bin/Debug/dojoTelefone.Test.DLL" adapterTypeName="Microsoft.VisualStudio.TestTools.TestTypes.Unit.UnitTestAdapter, Microsoft.VisualStudio.QualityTools.Tips.UnitTest.Adapter, Version=10.0.0.0, Culture=neutral, PublicKeyToken=b03f5f7f11d50a3a" className="dojoTelefone.Test.TelefoneTest, dojoTelefone.Test, Version=1.0.0.0, Culture=neutral, PublicKeyToken=null" name="Passsando_letra_A_retorna_numero_2" />
    </UnitTest>
    <UnitTest name="Passsando_letra_B_retorna_numero_2" storage="d:\dojo\dojoimpeto\telefone\dojotelefone\dojotelefone.test\bin\debug\dojotelefone.test.dll" id="639f1d21-bfe6-ef7c-722e-b05bb8459aeb">
      <Execution id="3a873995-b2ad-4726-9348-ea3dcc9ad483" />
      <TestMethod codeBase="D:/Dojo/DojoImpeto/telefone/dojoTelefone/dojoTelefone.Test/bin/Debug/dojoTelefone.Test.DLL" adapterTypeName="Microsoft.VisualStudio.TestTools.TestTypes.Unit.UnitTestAdapter, Microsoft.VisualStudio.QualityTools.Tips.UnitTest.Adapter, Version=10.0.0.0, Culture=neutral, PublicKeyToken=b03f5f7f11d50a3a" className="dojoTelefone.Test.TelefoneTest, dojoTelefone.Test, Version=1.0.0.0, Culture=neutral, PublicKeyToken=null" name="Passsando_letra_B_retorna_numero_2" />
    </UnitTest>
    <UnitTest name="Passsando_um_numero_retorna_um_numero" storage="d:\dojo\dojoimpeto\telefone\dojotelefone\dojotelefone.test\bin\debug\dojotelefone.test.dll" id="199d6954-928d-ed57-3e36-6a32e4aa3be9">
      <Execution id="2dc97027-4bcf-4b12-9dac-c823a4fb3318" />
      <TestMethod codeBase="D:/Dojo/DojoImpeto/telefone/dojoTelefone/dojoTelefone.Test/bin/Debug/dojoTelefone.Test.DLL" adapterTypeName="Microsoft.VisualStudio.TestTools.TestTypes.Unit.UnitTestAdapter, Microsoft.VisualStudio.QualityTools.Tips.UnitTest.Adapter, Version=10.0.0.0, Culture=neutral, PublicKeyToken=b03f5f7f11d50a3a" className="dojoTelefone.Test.TelefoneTest, dojoTelefone.Test, Version=1.0.0.0, Culture=neutral, PublicKeyToken=null" name="Passsando_um_numero_retorna_um_numero" />
    </UnitTest>
    <UnitTest name="Passsando_letra_D_retorna_numero_3" storage="d:\dojo\dojoimpeto\telefone\dojotelefone\dojotelefone.test\bin\debug\dojotelefone.test.dll" id="5639571a-b0bd-ebff-f064-cbd0923ef4ef">
      <Execution id="a3525a1f-c221-48f2-ada0-d70009e8fb46" />
      <TestMethod codeBase="D:/Dojo/DojoImpeto/telefone/dojoTelefone/dojoTelefone.Test/bin/Debug/dojoTelefone.Test.DLL" adapterTypeName="Microsoft.VisualStudio.TestTools.TestTypes.Unit.UnitTestAdapter, Microsoft.VisualStudio.QualityTools.Tips.UnitTest.Adapter, Version=10.0.0.0, Culture=neutral, PublicKeyToken=b03f5f7f11d50a3a" className="dojoTelefone.Test.TelefoneTest, dojoTelefone.Test, Version=1.0.0.0, Culture=neutral, PublicKeyToken=null" name="Passsando_letra_D_retorna_numero_3" />
    </UnitTest>
  </TestDefinitions>
  <TestLists>
    <TestList name="Results Not in a List" id="8c84fa94-04c1-424b-9868-57a2d4851a1d" />
    <TestList name="All Loaded Results" id="19431567-8539-422a-85d7-44ee4e166bda" />
  </TestLists>
  <TestEntries>
    <TestEntry testId="199d6954-928d-ed57-3e36-6a32e4aa3be9" executionId="2dc97027-4bcf-4b12-9dac-c823a4fb3318" testListId="8c84fa94-04c1-424b-9868-57a2d4851a1d" />
    <TestEntry testId="5639571a-b0bd-ebff-f064-cbd0923ef4ef" executionId="a3525a1f-c221-48f2-ada0-d70009e8fb46" testListId="8c84fa94-04c1-424b-9868-57a2d4851a1d" />
    <TestEntry testId="639f1d21-bfe6-ef7c-722e-b05bb8459aeb" executionId="3a873995-b2ad-4726-9348-ea3dcc9ad483" testListId="8c84fa94-04c1-424b-9868-57a2d4851a1d" />
    <TestEntry testId="cced0b66-1e82-7460-cac2-eb024454e4e5" executionId="fe357a40-d720-4c95-bd36-cada69b03485" testListId="8c84fa94-04c1-424b-9868-57a2d4851a1d" />
    <TestEntry testId="e90b7508-50af-ea86-ae73-6cd0dbc6274d" executionId="6af1ea09-4fde-44b1-a30e-d51efd80acca" testListId="8c84fa94-04c1-424b-9868-57a2d4851a1d" />
  </TestEntries>
  <Results>
    <UnitTestResult executionId="2dc97027-4bcf-4b12-9dac-c823a4fb3318" testId="199d6954-928d-ed57-3e36-6a32e4aa3be9" testName="Passsando_um_numero_retorna_um_numero" computerName="IMPETO56" duration="00:00:00.0155316" startTime="2011-08-16T15:37:43.7895434-03:00" endTime="2011-08-16T15:37:44.0258564-03:00" testType="13cdc9d9-ddb5-4fa4-a97d-d965ccfc6d4b" outcome="Passed" testListId="8c84fa94-04c1-424b-9868-57a2d4851a1d" relativeResultsDirectory="2dc97027-4bcf-4b12-9dac-c823a4fb3318">
    </UnitTestResult>
    <UnitTestResult executionId="a3525a1f-c221-48f2-ada0-d70009e8fb46" testId="5639571a-b0bd-ebff-f064-cbd0923ef4ef" testName="Passsando_letra_D_retorna_numero_3" computerName="IMPETO56" duration="00:00:00.0002035" startTime="2011-08-16T15:37:44.0356214-03:00" endTime="2011-08-16T15:37:44.0385509-03:00" testType="13cdc9d9-ddb5-4fa4-a97d-d965ccfc6d4b" outcome="Passed" testListId="8c84fa94-04c1-424b-9868-57a2d4851a1d" relativeResultsDirectory="a3525a1f-c221-48f2-ada0-d70009e8fb46">
    </UnitTestResult>
    <UnitTestResult executionId="3a873995-b2ad-4726-9348-ea3dcc9ad483" testId="639f1d21-bfe6-ef7c-722e-b05bb8459aeb" testName="Passsando_letra_B_retorna_numero_2" computerName="IMPETO56" duration="00:00:00.0001925" startTime="2011-08-16T15:37:44.0414804-03:00" endTime="2011-08-16T15:37:44.0444099-03:00" testType="13cdc9d9-ddb5-4fa4-a97d-d965ccfc6d4b" outcome="Passed" testListId="8c84fa94-04c1-424b-9868-57a2d4851a1d" relativeResultsDirectory="3a873995-b2ad-4726-9348-ea3dcc9ad483">
    </UnitTestResult>
    <UnitTestResult executionId="fe357a40-d720-4c95-bd36-cada69b03485" testId="cced0b66-1e82-7460-cac2-eb024454e4e5" testName="Passsando_letra_C_retorna_numero_2" computerName="IMPETO56" duration="00:00:00.0001933" startTime="2011-08-16T15:37:44.0473394-03:00" endTime="2011-08-16T15:37:44.0502689-03:00" testType="13cdc9d9-ddb5-4fa4-a97d-d965ccfc6d4b" outcome="Passed" testListId="8c84fa94-04c1-424b-9868-57a2d4851a1d" relativeResultsDirectory="fe357a40-d720-4c95-bd36-cada69b03485">
    </UnitTestResult>
    <UnitTestResult executionId="6af1ea09-4fde-44b1-a30e-d51efd80acca" testId="e90b7508-50af-ea86-ae73-6cd0dbc6274d" testName="Passsando_letra_A_retorna_numero_2" computerName="IMPETO56" duration="00:00:00.0001880" startTime="2011-08-16T15:37:44.0522219-03:00" endTime="2011-08-16T15:37:44.0571044-03:00" testType="13cdc9d9-ddb5-4fa4-a97d-d965ccfc6d4b" outcome="Passed" testListId="8c84fa94-04c1-424b-9868-57a2d4851a1d" relativeResultsDirectory="6af1ea09-4fde-44b1-a30e-d51efd80acca">
    </UnitTestResult>
  </Results>
</TestRun>