<?xml version="1.0" encoding="UTF-8"?>
<TestRun id="0a67e0d2-f441-467a-9855-6063a41f8b0b" name="gabriel.medeiros@IMPETO56 2011-08-16 15:40:51" runUser="IMPETO\gabriel.medeiros" xmlns="http://microsoft.com/schemas/VisualStudio/TeamTest/2010">
  <TestSettings name="Local" id="9c0089db-48fd-4d0c-8664-f82eba3e21cb">
    <Description>These are default test settings for a local test run.</Description>
    <Deployment enabled="false" runDeploymentRoot="gabriel.medeiros_IMPETO56 2011-08-16 15_40_51">
      <DeploymentItem filename="D:\Dojo\DojoImpeto\telefone\dojoTelefone\dojoTelefone\bin\Debug\dojoTelefone.dll" />
    </Deployment>
    <Execution>
      <TestTypeSpecific />
      <AgentRule name="Execution Agents">
      </AgentRule>
    </Execution>
  </TestSettings>
  <Times creation="2011-08-16T15:40:51.9444929-03:00" queuing="2011-08-16T15:40:51.9894119-03:00" start="2011-08-16T15:40:52.0060124-03:00" finish="2011-08-16T15:40:52.3985654-03:00" />
  <ResultSummary outcome="Failed">
    <Counters total="6" executed="6" passed="5" error="0" failed="1" timeout="0" aborted="0" inconclusive="0" passedButRunAborted="0" notRunnable="0" notExecuted="0" disconnected="0" warning="0" completed="0" inProgress="0" pending="0" />
  </ResultSummary>
  <TestDefinitions>
    <UnitTest name="Passsando_letra_C_retorna_numero_2" storage="d:\dojo\dojoimpeto\telefone\dojotelefone\dojotelefone.test\bin\debug\dojotelefone.test.dll" id="cced0b66-1e82-7460-cac2-eb024454e4e5">
      <Execution id="7f2f2d62-11f8-4a53-afe1-ac108a44396d" />
      <TestMethod codeBase="D:/Dojo/DojoImpeto/telefone/dojoTelefone/dojoTelefone.Test/bin/Debug/dojoTelefone.Test.DLL" adapterTypeName="Microsoft.VisualStudio.TestTools.TestTypes.Unit.UnitTestAdapter, Microsoft.VisualStudio.QualityTools.Tips.UnitTest.Adapter, Version=10.0.0.0, Culture=neutral, PublicKeyToken=b03f5f7f11d50a3a" className="dojoTelefone.Test.TelefoneTest, dojoTelefone.Test, Version=1.0.0.0, Culture=neutral, PublicKeyToken=null" name="Passsando_letra_C_retorna_numero_2" />
    </UnitTest>
    <UnitTest name="Passsando_letra_E_retorna_numero_3" storage="d:\dojo\dojoimpeto\telefone\dojotelefone\dojotelefone.test\bin\debug\dojotelefone.test.dll" id="4d3045ae-0683-3586-3dcc-516d31b1985e">
      <Execution id="36396728-69e2-45fc-8323-5b6c26851b78" />
      <TestMethod codeBase="D:/Dojo/DojoImpeto/telefone/dojoTelefone/dojoTelefone.Test/bin/Debug/dojoTelefone.Test.DLL" adapterTypeName="Microsoft.VisualStudio.TestTools.TestTypes.Unit.UnitTestAdapter, Microsoft.VisualStudio.QualityTools.Tips.UnitTest.Adapter, Version=10.0.0.0, Culture=neutral, PublicKeyToken=b03f5f7f11d50a3a" className="dojoTelefone.Test.TelefoneTest, dojoTelefone.Test, Version=1.0.0.0, Culture=neutral, PublicKeyToken=null" name="Passsando_letra_E_retorna_numero_3" />
    </UnitTest>
    <UnitTest name="Passsando_letra_A_retorna_numero_2" storage="d:\dojo\dojoimpeto\telefone\dojotelefone\dojotelefone.test\bin\debug\dojotelefone.test.dll" id="e90b7508-50af-ea86-ae73-6cd0dbc6274d">
      <Execution id="a9708382-3571-4f38-8f10-ec0c6a752d40" />
      <TestMethod codeBase="D:/Dojo/DojoImpeto/telefone/dojoTelefone/dojoTelefone.Test/bin/Debug/dojoTelefone.Test.DLL" adapterTypeName="Microsoft.VisualStudio.TestTools.TestTypes.Unit.UnitTestAdapter, Microsoft.VisualStudio.QualityTools.Tips.UnitTest.Adapter, Version=10.0.0.0, Culture=neutral, PublicKeyToken=b03f5f7f11d50a3a" className="dojoTelefone.Test.TelefoneTest, dojoTelefone.Test, Version=1.0.0.0, Culture=neutral, PublicKeyToken=null" name="Passsando_letra_A_retorna_numero_2" />
    </UnitTest>
    <UnitTest name="Passsando_letra_B_retorna_numero_2" storage="d:\dojo\dojoimpeto\telefone\dojotelefone\dojotelefone.test\bin\debug\dojotelefone.test.dll" id="639f1d21-bfe6-ef7c-722e-b05bb8459aeb">
      <Execution id="c4e7c3f9-5b4c-4f91-a46a-510ecfc0d3fd" />
      <TestMethod codeBase="D:/Dojo/DojoImpeto/telefone/dojoTelefone/dojoTelefone.Test/bin/Debug/dojoTelefone.Test.DLL" adapterTypeName="Microsoft.VisualStudio.TestTools.TestTypes.Unit.UnitTestAdapter, Microsoft.VisualStudio.QualityTools.Tips.UnitTest.Adapter, Version=10.0.0.0, Culture=neutral, PublicKeyToken=b03f5f7f11d50a3a" className="dojoTelefone.Test.TelefoneTest, dojoTelefone.Test, Version=1.0.0.0, Culture=neutral, PublicKeyToken=null" name="Passsando_letra_B_retorna_numero_2" />
    </UnitTest>
    <UnitTest name="Passsando_um_numero_retorna_um_numero" storage="d:\dojo\dojoimpeto\telefone\dojotelefone\dojotelefone.test\bin\debug\dojotelefone.test.dll" id="199d6954-928d-ed57-3e36-6a32e4aa3be9">
      <Execution id="2d814713-80a2-4963-924f-5effc68c27a3" />
      <TestMethod codeBase="D:/Dojo/DojoImpeto/telefone/dojoTelefone/dojoTelefone.Test/bin/Debug/dojoTelefone.Test.DLL" adapterTypeName="Microsoft.VisualStudio.TestTools.TestTypes.Unit.UnitTestAdapter, Microsoft.VisualStudio.QualityTools.Tips.UnitTest.Adapter, Version=10.0.0.0, Culture=neutral, PublicKeyToken=b03f5f7f11d50a3a" className="dojoTelefone.Test.TelefoneTest, dojoTelefone.Test, Version=1.0.0.0, Culture=neutral, PublicKeyToken=null" name="Passsando_um_numero_retorna_um_numero" />
    </UnitTest>
    <UnitTest name="Passsando_letra_D_retorna_numero_3" storage="d:\dojo\dojoimpeto\telefone\dojotelefone\dojotelefone.test\bin\debug\dojotelefone.test.dll" id="5639571a-b0bd-ebff-f064-cbd0923ef4ef">
      <Execution id="7fe6128d-09fa-4c35-9f5d-16f979758678" />
      <TestMethod codeBase="D:/Dojo/DojoImpeto/telefone/dojoTelefone/dojoTelefone.Test/bin/Debug/dojoTelefone.Test.DLL" adapterTypeName="Microsoft.VisualStudio.TestTools.TestTypes.Unit.UnitTestAdapter, Microsoft.VisualStudio.QualityTools.Tips.UnitTest.Adapter, Version=10.0.0.0, Culture=neutral, PublicKeyToken=b03f5f7f11d50a3a" className="dojoTelefone.Test.TelefoneTest, dojoTelefone.Test, Version=1.0.0.0, Culture=neutral, PublicKeyToken=null" name="Passsando_letra_D_retorna_numero_3" />
    </UnitTest>
  </TestDefinitions>
  <TestLists>
    <TestList name="Results Not in a List" id="8c84fa94-04c1-424b-9868-57a2d4851a1d" />
    <TestList name="All Loaded Results" id="19431567-8539-422a-85d7-44ee4e166bda" />
  </TestLists>
  <TestEntries>
    <TestEntry testId="199d6954-928d-ed57-3e36-6a32e4aa3be9" executionId="2d814713-80a2-4963-924f-5effc68c27a3" testListId="8c84fa94-04c1-424b-9868-57a2d4851a1d" />
    <TestEntry testId="4d3045ae-0683-3586-3dcc-516d31b1985e" executionId="36396728-69e2-45fc-8323-5b6c26851b78" testListId="8c84fa94-04c1-424b-9868-57a2d4851a1d" />
    <TestEntry testId="5639571a-b0bd-ebff-f064-cbd0923ef4ef" executionId="7fe6128d-09fa-4c35-9f5d-16f979758678" testListId="8c84fa94-04c1-424b-9868-57a2d4851a1d" />
    <TestEntry testId="639f1d21-bfe6-ef7c-722e-b05bb8459aeb" executionId="c4e7c3f9-5b4c-4f91-a46a-510ecfc0d3fd" testListId="8c84fa94-04c1-424b-9868-57a2d4851a1d" />
    <TestEntry testId="cced0b66-1e82-7460-cac2-eb024454e4e5" executionId="7f2f2d62-11f8-4a53-afe1-ac108a44396d" testListId="8c84fa94-04c1-424b-9868-57a2d4851a1d" />
    <TestEntry testId="e90b7508-50af-ea86-ae73-6cd0dbc6274d" executionId="a9708382-3571-4f38-8f10-ec0c6a752d40" testListId="8c84fa94-04c1-424b-9868-57a2d4851a1d" />
  </TestEntries>
  <Results>
    <UnitTestResult executionId="2d814713-80a2-4963-924f-5effc68c27a3" testId="199d6954-928d-ed57-3e36-6a32e4aa3be9" testName="Passsando_um_numero_retorna_um_numero" computerName="IMPETO56" duration="00:00:00.0160735" startTime="2011-08-16T15:40:52.0274954-03:00" endTime="2011-08-16T15:40:52.2911504-03:00" testType="13cdc9d9-ddb5-4fa4-a97d-d965ccfc6d4b" outcome="Passed" testListId="8c84fa94-04c1-424b-9868-57a2d4851a1d" relativeResultsDirectory="2d814713-80a2-4963-924f-5effc68c27a3">
    </UnitTestResult>
    <UnitTestResult executionId="36396728-69e2-45fc-8323-5b6c26851b78" testId="4d3045ae-0683-3586-3dcc-516d31b1985e" testName="Passsando_letra_E_retorna_numero_3" computerName="IMPETO56" duration="00:00:00.0167080" startTime="2011-08-16T15:40:52.2950564-03:00" endTime="2011-08-16T15:40:52.3253279-03:00" testType="13cdc9d9-ddb5-4fa4-a97d-d965ccfc6d4b" outcome="Failed" testListId="8c84fa94-04c1-424b-9868-57a2d4851a1d" relativeResultsDirectory="36396728-69e2-45fc-8323-5b6c26851b78">
      <Output>
        <ErrorInfo>
          <Message>Assert.AreEqual failed. Expected:&lt;3&gt;. Actual:&lt;E&gt;. </Message>
          <StackTrace>   at dojoTelefone.Test.TelefoneTest.Passsando_letra_E_retorna_numero_3() in D:\Dojo\DojoImpeto\telefone\dojoTelefone\dojoTelefone.Test\TelefoneTest.cs:line 81
</StackTrace>
        </ErrorInfo>
      </Output>
    </UnitTestResult>
    <UnitTestResult executionId="7fe6128d-09fa-4c35-9f5d-16f979758678" testId="5639571a-b0bd-ebff-f064-cbd0923ef4ef" testName="Passsando_letra_D_retorna_numero_3" computerName="IMPETO56" duration="00:00:00.0002104" startTime="2011-08-16T15:40:52.3272809-03:00" endTime="2011-08-16T15:40:52.3321634-03:00" testType="13cdc9d9-ddb5-4fa4-a97d-d965ccfc6d4b" outcome="Passed" testListId="8c84fa94-04c1-424b-9868-57a2d4851a1d" relativeResultsDirectory="7fe6128d-09fa-4c35-9f5d-16f979758678">
    </UnitTestResult>
    <UnitTestResult executionId="c4e7c3f9-5b4c-4f91-a46a-510ecfc0d3fd" testId="639f1d21-bfe6-ef7c-722e-b05bb8459aeb" testName="Passsando_letra_B_retorna_numero_2" computerName="IMPETO56" duration="00:00:00.0002323" startTime="2011-08-16T15:40:52.3370459-03:00" endTime="2011-08-16T15:40:52.3487639-03:00" testType="13cdc9d9-ddb5-4fa4-a97d-d965ccfc6d4b" outcome="Passed" testListId="8c84fa94-04c1-424b-9868-57a2d4851a1d" relativeResultsDirectory="c4e7c3f9-5b4c-4f91-a46a-510ecfc0d3fd">
    </UnitTestResult>
    <UnitTestResult executionId="7f2f2d62-11f8-4a53-afe1-ac108a44396d" testId="cced0b66-1e82-7460-cac2-eb024454e4e5" testName="Passsando_letra_C_retorna_numero_2" computerName="IMPETO56" duration="00:00:00.0002023" startTime="2011-08-16T15:40:52.3536464-03:00" endTime="2011-08-16T15:40:52.3604819-03:00" testType="13cdc9d9-ddb5-4fa4-a97d-d965ccfc6d4b" outcome="Passed" testListId="8c84fa94-04c1-424b-9868-57a2d4851a1d" relativeResultsDirectory="7f2f2d62-11f8-4a53-afe1-ac108a44396d">
    </UnitTestResult>
    <UnitTestResult executionId="a9708382-3571-4f38-8f10-ec0c6a752d40" testId="e90b7508-50af-ea86-ae73-6cd0dbc6274d" testName="Passsando_letra_A_retorna_numero_2" computerName="IMPETO56" duration="00:00:00.0015660" startTime="2011-08-16T15:40:52.3653644-03:00" endTime="2011-08-16T15:40:52.3800119-03:00" testType="13cdc9d9-ddb5-4fa4-a97d-d965ccfc6d4b" outcome="Passed" testListId="8c84fa94-04c1-424b-9868-57a2d4851a1d" relativeResultsDirectory="a9708382-3571-4f38-8f10-ec0c6a752d40">
    </UnitTestResult>
  </Results>
</TestRun>