<?xml version="1.0" encoding="UTF-8"?>
<TestRun id="6ed0bc11-332a-47a1-97e7-da87fb14e211" name="gabriel.medeiros@IMPETO56 2011-08-16 15:48:02" runUser="IMPETO\gabriel.medeiros" xmlns="http://microsoft.com/schemas/VisualStudio/TeamTest/2010">
  <TestSettings name="Local" id="9c0089db-48fd-4d0c-8664-f82eba3e21cb">
    <Description>These are default test settings for a local test run.</Description>
    <Deployment enabled="false" runDeploymentRoot="gabriel.medeiros_IMPETO56 2011-08-16 15_48_02">
      <DeploymentItem filename="D:\Dojo\DojoImpeto\telefone\dojoTelefone\dojoTelefone\bin\Debug\dojoTelefone.dll" />
    </Deployment>
    <Execution>
      <TestTypeSpecific />
      <AgentRule name="Execution Agents">
      </AgentRule>
    </Execution>
  </TestSettings>
  <Times creation="2011-08-16T15:48:02.2707862-03:00" queuing="2011-08-16T15:48:03.8204917-03:00" start="2011-08-16T15:48:03.8947057-03:00" finish="2011-08-16T15:48:07.2870667-03:00" />
  <ResultSummary outcome="Error">
    <Counters total="1" executed="1" error="0" failed="0" timeout="0" aborted="1" inconclusive="0" passedButRunAborted="0" notRunnable="0" notExecuted="0" disconnected="0" warning="0" passed="0" completed="0" inProgress="0" pending="0" />
    <RunInfos>
      <RunInfo computerName="IMPETO56" outcome="Error" timestamp="2011-08-16T15:48:07.2851137-03:00">
        <Text>Test host process exited unexpectedly.</Text>
      </RunInfo>
    </RunInfos>
  </ResultSummary>
  <TestDefinitions>
    <UnitTest name="Passsando_letras_AAAA_retorna_numero_2222" storage="d:\dojo\dojoimpeto\telefone\dojotelefone\dojotelefone.test\bin\debug\dojotelefone.test.dll" id="45ba77e6-c4bc-24a3-f695-f83436f1dc04">
      <Execution id="39b77d91-5e99-4123-9ed6-2e081851a38a" />
      <TestMethod codeBase="D:/Dojo/DojoImpeto/telefone/dojoTelefone/dojoTelefone.Test/bin/Debug/dojoTelefone.Test.DLL" adapterTypeName="Microsoft.VisualStudio.TestTools.TestTypes.Unit.UnitTestAdapter, Microsoft.VisualStudio.QualityTools.Tips.UnitTest.Adapter, Version=10.0.0.0, Culture=neutral, PublicKeyToken=b03f5f7f11d50a3a" className="dojoTelefone.Test.TelefoneTest, dojoTelefone.Test, Version=1.0.0.0, Culture=neutral, PublicKeyToken=null" name="Passsando_letras_AAAA_retorna_numero_2222" />
    </UnitTest>
  </TestDefinitions>
  <TestLists>
    <TestList name="Results Not in a List" id="8c84fa94-04c1-424b-9868-57a2d4851a1d" />
    <TestList name="All Loaded Results" id="19431567-8539-422a-85d7-44ee4e166bda" />
  </TestLists>
  <TestEntries>
    <TestEntry testId="45ba77e6-c4bc-24a3-f695-f83436f1dc04" executionId="39b77d91-5e99-4123-9ed6-2e081851a38a" testListId="8c84fa94-04c1-424b-9868-57a2d4851a1d" />
  </TestEntries>
  <Results>
    <UnitTestResult executionId="39b77d91-5e99-4123-9ed6-2e081851a38a" testId="45ba77e6-c4bc-24a3-f695-f83436f1dc04" testName="Passsando_letras_AAAA_retorna_numero_2222" computerName="IMPETO56" duration="00:00:03.3279120" startTime="2011-08-16T15:48:03.9591547-03:00" endTime="2011-08-16T15:48:07.2870667-03:00" testType="13cdc9d9-ddb5-4fa4-a97d-d965ccfc6d4b" outcome="Aborted" testListId="8c84fa94-04c1-424b-9868-57a2d4851a1d" relativeResultsDirectory="39b77d91-5e99-4123-9ed6-2e081851a38a">
    </UnitTestResult>
  </Results>
</TestRun>