<?xml version="1.0" encoding="UTF-8"?>
<TestRun id="15f63551-31c6-45c5-8448-95cc416393b5" name="gabriel.medeiros@IMPETO56 2011-08-16 15:41:36" runUser="IMPETO\gabriel.medeiros" xmlns="http://microsoft.com/schemas/VisualStudio/TeamTest/2010">
  <TestSettings name="Local" id="9c0089db-48fd-4d0c-8664-f82eba3e21cb">
    <Description>These are default test settings for a local test run.</Description>
    <Deployment enabled="false" runDeploymentRoot="gabriel.medeiros_IMPETO56 2011-08-16 15_41_36">
      <DeploymentItem filename="D:\Dojo\DojoImpeto\telefone\dojoTelefone\dojoTelefone\bin\Debug\dojoTelefone.dll" />
    </Deployment>
    <Execution>
      <TestTypeSpecific />
      <AgentRule name="Execution Agents">
      </AgentRule>
    </Execution>
  </TestSettings>
  <Times creation="2011-08-16T15:41:36.5314829-03:00" queuing="2011-08-16T15:41:36.5754254-03:00" start="2011-08-16T15:41:36.5842139-03:00" finish="2011-08-16T15:41:37.0587929-03:00" />
  <ResultSummary outcome="Failed">
    <Counters total="7" executed="7" passed="6" error="0" failed="1" timeout="0" aborted="0" inconclusive="0" passedButRunAborted="0" notRunnable="0" notExecuted="0" disconnected="0" warning="0" completed="0" inProgress="0" pending="0" />
  </ResultSummary>
  <TestDefinitions>
    <UnitTest name="Passsando_letra_C_retorna_numero_2" storage="d:\dojo\dojoimpeto\telefone\dojotelefone\dojotelefone.test\bin\debug\dojotelefone.test.dll" id="cced0b66-1e82-7460-cac2-eb024454e4e5">
      <Execution id="e805f336-26f8-4890-80a8-dbb661abf25a" />
      <TestMethod codeBase="D:/Dojo/DojoImpeto/telefone/dojoTelefone/dojoTelefone.Test/bin/Debug/dojoTelefone.Test.DLL" adapterTypeName="Microsoft.VisualStudio.TestTools.TestTypes.Unit.UnitTestAdapter, Microsoft.VisualStudio.QualityTools.Tips.UnitTest.Adapter, Version=10.0.0.0, Culture=neutral, PublicKeyToken=b03f5f7f11d50a3a" className="dojoTelefone.Test.TelefoneTest, dojoTelefone.Test, Version=1.0.0.0, Culture=neutral, PublicKeyToken=null" name="Passsando_letra_C_retorna_numero_2" />
    </UnitTest>
    <UnitTest name="Passsando_letra_E_retorna_numero_3" storage="d:\dojo\dojoimpeto\telefone\dojotelefone\dojotelefone.test\bin\debug\dojotelefone.test.dll" id="4d3045ae-0683-3586-3dcc-516d31b1985e">
      <Execution id="f005e194-36cc-4f37-a0c0-fef7e216ca5c" />
      <TestMethod codeBase="D:/Dojo/DojoImpeto/telefone/dojoTelefone/dojoTelefone.Test/bin/Debug/dojoTelefone.Test.DLL" adapterTypeName="Microsoft.VisualStudio.TestTools.TestTypes.Unit.UnitTestAdapter, Microsoft.VisualStudio.QualityTools.Tips.UnitTest.Adapter, Version=10.0.0.0, Culture=neutral, PublicKeyToken=b03f5f7f11d50a3a" className="dojoTelefone.Test.TelefoneTest, dojoTelefone.Test, Version=1.0.0.0, Culture=neutral, PublicKeyToken=null" name="Passsando_letra_E_retorna_numero_3" />
    </UnitTest>
    <UnitTest name="Passsando_letra_A_retorna_numero_2" storage="d:\dojo\dojoimpeto\telefone\dojotelefone\dojotelefone.test\bin\debug\dojotelefone.test.dll" id="e90b7508-50af-ea86-ae73-6cd0dbc6274d">
      <Execution id="b8177108-4d11-4303-9df9-ea15d2ab75a6" />
      <TestMethod codeBase="D:/Dojo/DojoImpeto/telefone/dojoTelefone/dojoTelefone.Test/bin/Debug/dojoTelefone.Test.DLL" adapterTypeName="Microsoft.VisualStudio.TestTools.TestTypes.Unit.UnitTestAdapter, Microsoft.VisualStudio.QualityTools.Tips.UnitTest.Adapter, Version=10.0.0.0, Culture=neutral, PublicKeyToken=b03f5f7f11d50a3a" className="dojoTelefone.Test.TelefoneTest, dojoTelefone.Test, Version=1.0.0.0, Culture=neutral, PublicKeyToken=null" name="Passsando_letra_A_retorna_numero_2" />
    </UnitTest>
    <UnitTest name="Passsando_letra_B_retorna_numero_2" storage="d:\dojo\dojoimpeto\telefone\dojotelefone\dojotelefone.test\bin\debug\dojotelefone.test.dll" id="639f1d21-bfe6-ef7c-722e-b05bb8459aeb">
      <Execution id="14efa405-7ff7-422d-8de8-110291760a90" />
      <TestMethod codeBase="D:/Dojo/DojoImpeto/telefone/dojoTelefone/dojoTelefone.Test/bin/Debug/dojoTelefone.Test.DLL" adapterTypeName="Microsoft.VisualStudio.TestTools.TestTypes.Unit.UnitTestAdapter, Microsoft.VisualStudio.QualityTools.Tips.UnitTest.Adapter, Version=10.0.0.0, Culture=neutral, PublicKeyToken=b03f5f7f11d50a3a" className="dojoTelefone.Test.TelefoneTest, dojoTelefone.Test, Version=1.0.0.0, Culture=neutral, PublicKeyToken=null" name="Passsando_letra_B_retorna_numero_2" />
    </UnitTest>
    <UnitTest name="Passsando_letra_F_retorna_numero_3" storage="d:\dojo\dojoimpeto\telefone\dojotelefone\dojotelefone.test\bin\debug\dojotelefone.test.dll" id="23df0b99-7398-3a39-c637-b5728f7a7dcc">
      <Execution id="9e63c509-3096-4966-ad75-0ce26aa18251" />
      <TestMethod codeBase="D:/Dojo/DojoImpeto/telefone/dojoTelefone/dojoTelefone.Test/bin/Debug/dojoTelefone.Test.DLL" adapterTypeName="Microsoft.VisualStudio.TestTools.TestTypes.Unit.UnitTestAdapter, Microsoft.VisualStudio.QualityTools.Tips.UnitTest.Adapter, Version=10.0.0.0, Culture=neutral, PublicKeyToken=b03f5f7f11d50a3a" className="dojoTelefone.Test.TelefoneTest, dojoTelefone.Test, Version=1.0.0.0, Culture=neutral, PublicKeyToken=null" name="Passsando_letra_F_retorna_numero_3" />
    </UnitTest>
    <UnitTest name="Passsando_um_numero_retorna_um_numero" storage="d:\dojo\dojoimpeto\telefone\dojotelefone\dojotelefone.test\bin\debug\dojotelefone.test.dll" id="199d6954-928d-ed57-3e36-6a32e4aa3be9">
      <Execution id="4c33d463-f68a-458b-9535-08f33dd68b6d" />
      <TestMethod codeBase="D:/Dojo/DojoImpeto/telefone/dojoTelefone/dojoTelefone.Test/bin/Debug/dojoTelefone.Test.DLL" adapterTypeName="Microsoft.VisualStudio.TestTools.TestTypes.Unit.UnitTestAdapter, Microsoft.VisualStudio.QualityTools.Tips.UnitTest.Adapter, Version=10.0.0.0, Culture=neutral, PublicKeyToken=b03f5f7f11d50a3a" className="dojoTelefone.Test.TelefoneTest, dojoTelefone.Test, Version=1.0.0.0, Culture=neutral, PublicKeyToken=null" name="Passsando_um_numero_retorna_um_numero" />
    </UnitTest>
    <UnitTest name="Passsando_letra_D_retorna_numero_3" storage="d:\dojo\dojoimpeto\telefone\dojotelefone\dojotelefone.test\bin\debug\dojotelefone.test.dll" id="5639571a-b0bd-ebff-f064-cbd0923ef4ef">
      <Execution id="2b90e9f5-9d07-4e01-8ca2-396f7f104174" />
      <TestMethod codeBase="D:/Dojo/DojoImpeto/telefone/dojoTelefone/dojoTelefone.Test/bin/Debug/dojoTelefone.Test.DLL" adapterTypeName="Microsoft.VisualStudio.TestTools.TestTypes.Unit.UnitTestAdapter, Microsoft.VisualStudio.QualityTools.Tips.UnitTest.Adapter, Version=10.0.0.0, Culture=neutral, PublicKeyToken=b03f5f7f11d50a3a" className="dojoTelefone.Test.TelefoneTest, dojoTelefone.Test, Version=1.0.0.0, Culture=neutral, PublicKeyToken=null" name="Passsando_letra_D_retorna_numero_3" />
    </UnitTest>
  </TestDefinitions>
  <TestLists>
    <TestList name="Results Not in a List" id="8c84fa94-04c1-424b-9868-57a2d4851a1d" />
    <TestList name="All Loaded Results" id="19431567-8539-422a-85d7-44ee4e166bda" />
  </TestLists>
  <TestEntries>
    <TestEntry testId="199d6954-928d-ed57-3e36-6a32e4aa3be9" executionId="4c33d463-f68a-458b-9535-08f33dd68b6d" testListId="8c84fa94-04c1-424b-9868-57a2d4851a1d" />
    <TestEntry testId="23df0b99-7398-3a39-c637-b5728f7a7dcc" executionId="9e63c509-3096-4966-ad75-0ce26aa18251" testListId="8c84fa94-04c1-424b-9868-57a2d4851a1d" />
    <TestEntry testId="4d3045ae-0683-3586-3dcc-516d31b1985e" executionId="f005e194-36cc-4f37-a0c0-fef7e216ca5c" testListId="8c84fa94-04c1-424b-9868-57a2d4851a1d" />
    <TestEntry testId="5639571a-b0bd-ebff-f064-cbd0923ef4ef" executionId="2b90e9f5-9d07-4e01-8ca2-396f7f104174" testListId="8c84fa94-04c1-424b-9868-57a2d4851a1d" />
    <TestEntry testId="639f1d21-bfe6-ef7c-722e-b05bb8459aeb" executionId="14efa405-7ff7-422d-8de8-110291760a90" testListId="8c84fa94-04c1-424b-9868-57a2d4851a1d" />
    <TestEntry testId="cced0b66-1e82-7460-cac2-eb024454e4e5" executionId="e805f336-26f8-4890-80a8-dbb661abf25a" testListId="8c84fa94-04c1-424b-9868-57a2d4851a1d" />
    <TestEntry testId="e90b7508-50af-ea86-ae73-6cd0dbc6274d" executionId="b8177108-4d11-4303-9df9-ea15d2ab75a6" testListId="8c84fa94-04c1-424b-9868-57a2d4851a1d" />
  </TestEntries>
  <Results>
    <UnitTestResult executionId="4c33d463-f68a-458b-9535-08f33dd68b6d" testId="199d6954-928d-ed57-3e36-6a32e4aa3be9" testName="Passsando_um_numero_retorna_um_numero" computerName="IMPETO56" duration="00:00:00.0153711" startTime="2011-08-16T15:41:36.6056969-03:00" endTime="2011-08-16T15:41:36.8429864-03:00" testType="13cdc9d9-ddb5-4fa4-a97d-d965ccfc6d4b" outcome="Passed" testListId="8c84fa94-04c1-424b-9868-57a2d4851a1d" relativeResultsDirectory="4c33d463-f68a-458b-9535-08f33dd68b6d">
    </UnitTestResult>
    <UnitTestResult executionId="9e63c509-3096-4966-ad75-0ce26aa18251" testId="23df0b99-7398-3a39-c637-b5728f7a7dcc" testName="Passsando_letra_F_retorna_numero_3" computerName="IMPETO56" duration="00:00:00.0209102" startTime="2011-08-16T15:41:36.8556809-03:00" endTime="2011-08-16T15:41:36.8810699-03:00" testType="13cdc9d9-ddb5-4fa4-a97d-d965ccfc6d4b" outcome="Failed" testListId="8c84fa94-04c1-424b-9868-57a2d4851a1d" relativeResultsDirectory="9e63c509-3096-4966-ad75-0ce26aa18251">
      <Output>
        <ErrorInfo>
          <Message>Assert.AreEqual failed. Expected:&lt;3&gt;. Actual:&lt;F&gt;. </Message>
          <StackTrace>   at dojoTelefone.Test.TelefoneTest.Passsando_letra_F_retorna_numero_3() in D:\Dojo\DojoImpeto\telefone\dojoTelefone\dojoTelefone.Test\TelefoneTest.cs:line 93
</StackTrace>
        </ErrorInfo>
      </Output>
    </UnitTestResult>
    <UnitTestResult executionId="f005e194-36cc-4f37-a0c0-fef7e216ca5c" testId="4d3045ae-0683-3586-3dcc-516d31b1985e" testName="Passsando_letra_E_retorna_numero_3" computerName="IMPETO56" duration="00:00:00.0031442" startTime="2011-08-16T15:41:36.8947409-03:00" endTime="2011-08-16T15:41:36.9386834-03:00" testType="13cdc9d9-ddb5-4fa4-a97d-d965ccfc6d4b" outcome="Passed" testListId="8c84fa94-04c1-424b-9868-57a2d4851a1d" relativeResultsDirectory="f005e194-36cc-4f37-a0c0-fef7e216ca5c">
    </UnitTestResult>
    <UnitTestResult executionId="2b90e9f5-9d07-4e01-8ca2-396f7f104174" testId="5639571a-b0bd-ebff-f064-cbd0923ef4ef" testName="Passsando_letra_D_retorna_numero_3" computerName="IMPETO56" duration="00:00:00.0037394" startTime="2011-08-16T15:41:36.9552839-03:00" endTime="2011-08-16T15:41:36.9699314-03:00" testType="13cdc9d9-ddb5-4fa4-a97d-d965ccfc6d4b" outcome="Passed" testListId="8c84fa94-04c1-424b-9868-57a2d4851a1d" relativeResultsDirectory="2b90e9f5-9d07-4e01-8ca2-396f7f104174">
    </UnitTestResult>
    <UnitTestResult executionId="14efa405-7ff7-422d-8de8-110291760a90" testId="639f1d21-bfe6-ef7c-722e-b05bb8459aeb" testName="Passsando_letra_B_retorna_numero_2" computerName="IMPETO56" duration="00:00:00.0007031" startTime="2011-08-16T15:41:36.9826259-03:00" endTime="2011-08-16T15:41:36.9894614-03:00" testType="13cdc9d9-ddb5-4fa4-a97d-d965ccfc6d4b" outcome="Passed" testListId="8c84fa94-04c1-424b-9868-57a2d4851a1d" relativeResultsDirectory="14efa405-7ff7-422d-8de8-110291760a90">
    </UnitTestResult>
    <UnitTestResult executionId="e805f336-26f8-4890-80a8-dbb661abf25a" testId="cced0b66-1e82-7460-cac2-eb024454e4e5" testName="Passsando_letra_C_retorna_numero_2" computerName="IMPETO56" duration="00:00:00.0040993" startTime="2011-08-16T15:41:37.0002029-03:00" endTime="2011-08-16T15:41:37.0089914-03:00" testType="13cdc9d9-ddb5-4fa4-a97d-d965ccfc6d4b" outcome="Passed" testListId="8c84fa94-04c1-424b-9868-57a2d4851a1d" relativeResultsDirectory="e805f336-26f8-4890-80a8-dbb661abf25a">
    </UnitTestResult>
    <UnitTestResult executionId="b8177108-4d11-4303-9df9-ea15d2ab75a6" testId="e90b7508-50af-ea86-ae73-6cd0dbc6274d" testName="Passsando_letra_A_retorna_numero_2" computerName="IMPETO56" duration="00:00:00.0037280" startTime="2011-08-16T15:41:37.0236389-03:00" endTime="2011-08-16T15:41:37.0334039-03:00" testType="13cdc9d9-ddb5-4fa4-a97d-d965ccfc6d4b" outcome="Passed" testListId="8c84fa94-04c1-424b-9868-57a2d4851a1d" relativeResultsDirectory="b8177108-4d11-4303-9df9-ea15d2ab75a6">
    </UnitTestResult>
  </Results>
</TestRun>