<?xml version="1.0" encoding="UTF-8"?>
<TestRun id="1536706a-b37c-467e-8124-1de39f37cf92" name="gabriel.medeiros@IMPETO56 2011-08-16 15:35:06" runUser="IMPETO\gabriel.medeiros" xmlns="http://microsoft.com/schemas/VisualStudio/TeamTest/2010">
  <TestSettings name="Local" id="9c0089db-48fd-4d0c-8664-f82eba3e21cb">
    <Description>These are default test settings for a local test run.</Description>
    <Deployment enabled="false" runDeploymentRoot="gabriel.medeiros_IMPETO56 2011-08-16 15_35_06">
      <DeploymentItem filename="D:\Dojo\DojoImpeto\telefone\dojoTelefone\dojoTelefone\bin\Debug\dojoTelefone.dll" />
    </Deployment>
    <Execution>
      <TestTypeSpecific />
      <AgentRule name="Execution Agents">
      </AgentRule>
    </Execution>
  </TestSettings>
  <Times creation="2011-08-16T15:35:06.4968764-03:00" queuing="2011-08-16T15:35:06.8200979-03:00" start="2011-08-16T15:35:06.8708759-03:00" finish="2011-08-16T15:35:07.2478049-03:00" />
  <ResultSummary outcome="Failed">
    <Counters total="4" executed="4" passed="3" error="0" failed="1" timeout="0" aborted="0" inconclusive="0" passedButRunAborted="0" notRunnable="0" notExecuted="0" disconnected="0" warning="0" completed="0" inProgress="0" pending="0" />
  </ResultSummary>
  <TestDefinitions>
    <UnitTest name="Passsando_letra_C_retorna_numero_2" storage="d:\dojo\dojoimpeto\telefone\dojotelefone\dojotelefone.test\bin\debug\dojotelefone.test.dll" id="cced0b66-1e82-7460-cac2-eb024454e4e5">
      <Execution id="3c5cebe1-0b8f-4f43-be99-fc8911745940" />
      <TestMethod codeBase="D:/Dojo/DojoImpeto/telefone/dojoTelefone/dojoTelefone.Test/bin/Debug/dojoTelefone.Test.DLL" adapterTypeName="Microsoft.VisualStudio.TestTools.TestTypes.Unit.UnitTestAdapter, Microsoft.VisualStudio.QualityTools.Tips.UnitTest.Adapter, Version=10.0.0.0, Culture=neutral, PublicKeyToken=b03f5f7f11d50a3a" className="dojoTelefone.Test.TelefoneTest, dojoTelefone.Test, Version=1.0.0.0, Culture=neutral, PublicKeyToken=null" name="Passsando_letra_C_retorna_numero_2" />
    </UnitTest>
    <UnitTest name="Passsando_letra_A_retorna_numero_2" storage="d:\dojo\dojoimpeto\telefone\dojotelefone\dojotelefone.test\bin\debug\dojotelefone.test.dll" id="e90b7508-50af-ea86-ae73-6cd0dbc6274d">
      <Execution id="6a1f0da8-4f20-4ec6-a0b6-eb5462430fcf" />
      <TestMethod codeBase="D:/Dojo/DojoImpeto/telefone/dojoTelefone/dojoTelefone.Test/bin/Debug/dojoTelefone.Test.DLL" adapterTypeName="Microsoft.VisualStudio.TestTools.TestTypes.Unit.UnitTestAdapter, Microsoft.VisualStudio.QualityTools.Tips.UnitTest.Adapter, Version=10.0.0.0, Culture=neutral, PublicKeyToken=b03f5f7f11d50a3a" className="dojoTelefone.Test.TelefoneTest, dojoTelefone.Test, Version=1.0.0.0, Culture=neutral, PublicKeyToken=null" name="Passsando_letra_A_retorna_numero_2" />
    </UnitTest>
    <UnitTest name="Passsando_um_numero_retorna_um_numero" storage="d:\dojo\dojoimpeto\telefone\dojotelefone\dojotelefone.test\bin\debug\dojotelefone.test.dll" id="199d6954-928d-ed57-3e36-6a32e4aa3be9">
      <Execution id="9f1b7d12-89f4-444f-9ff6-93cd43a53d07" />
      <TestMethod codeBase="D:/Dojo/DojoImpeto/telefone/dojoTelefone/dojoTelefone.Test/bin/Debug/dojoTelefone.Test.DLL" adapterTypeName="Microsoft.VisualStudio.TestTools.TestTypes.Unit.UnitTestAdapter, Microsoft.VisualStudio.QualityTools.Tips.UnitTest.Adapter, Version=10.0.0.0, Culture=neutral, PublicKeyToken=b03f5f7f11d50a3a" className="dojoTelefone.Test.TelefoneTest, dojoTelefone.Test, Version=1.0.0.0, Culture=neutral, PublicKeyToken=null" name="Passsando_um_numero_retorna_um_numero" />
    </UnitTest>
    <UnitTest name="Passsando_letra_B_retorna_numero_2" storage="d:\dojo\dojoimpeto\telefone\dojotelefone\dojotelefone.test\bin\debug\dojotelefone.test.dll" id="639f1d21-bfe6-ef7c-722e-b05bb8459aeb">
      <Execution id="f845dff8-58f2-4bf1-8716-cae37a0d1545" />
      <TestMethod codeBase="D:/Dojo/DojoImpeto/telefone/dojoTelefone/dojoTelefone.Test/bin/Debug/dojoTelefone.Test.DLL" adapterTypeName="Microsoft.VisualStudio.TestTools.TestTypes.Unit.UnitTestAdapter, Microsoft.VisualStudio.QualityTools.Tips.UnitTest.Adapter, Version=10.0.0.0, Culture=neutral, PublicKeyToken=b03f5f7f11d50a3a" className="dojoTelefone.Test.TelefoneTest, dojoTelefone.Test, Version=1.0.0.0, Culture=neutral, PublicKeyToken=null" name="Passsando_letra_B_retorna_numero_2" />
    </UnitTest>
  </TestDefinitions>
  <TestLists>
    <TestList name="Results Not in a List" id="8c84fa94-04c1-424b-9868-57a2d4851a1d" />
    <TestList name="All Loaded Results" id="19431567-8539-422a-85d7-44ee4e166bda" />
  </TestLists>
  <TestEntries>
    <TestEntry testId="199d6954-928d-ed57-3e36-6a32e4aa3be9" executionId="9f1b7d12-89f4-444f-9ff6-93cd43a53d07" testListId="8c84fa94-04c1-424b-9868-57a2d4851a1d" />
    <TestEntry testId="639f1d21-bfe6-ef7c-722e-b05bb8459aeb" executionId="f845dff8-58f2-4bf1-8716-cae37a0d1545" testListId="8c84fa94-04c1-424b-9868-57a2d4851a1d" />
    <TestEntry testId="cced0b66-1e82-7460-cac2-eb024454e4e5" executionId="3c5cebe1-0b8f-4f43-be99-fc8911745940" testListId="8c84fa94-04c1-424b-9868-57a2d4851a1d" />
    <TestEntry testId="e90b7508-50af-ea86-ae73-6cd0dbc6274d" executionId="6a1f0da8-4f20-4ec6-a0b6-eb5462430fcf" testListId="8c84fa94-04c1-424b-9868-57a2d4851a1d" />
  </TestEntries>
  <Results>
    <UnitTestResult executionId="9f1b7d12-89f4-444f-9ff6-93cd43a53d07" testId="199d6954-928d-ed57-3e36-6a32e4aa3be9" testName="Passsando_um_numero_retorna_um_numero" computerName="IMPETO56" duration="00:00:00.0143689" startTime="2011-08-16T15:35:06.8894294-03:00" endTime="2011-08-16T15:35:07.1843324-03:00" testType="13cdc9d9-ddb5-4fa4-a97d-d965ccfc6d4b" outcome="Passed" testListId="8c84fa94-04c1-424b-9868-57a2d4851a1d" relativeResultsDirectory="9f1b7d12-89f4-444f-9ff6-93cd43a53d07">
    </UnitTestResult>
    <UnitTestResult executionId="f845dff8-58f2-4bf1-8716-cae37a0d1545" testId="639f1d21-bfe6-ef7c-722e-b05bb8459aeb" testName="Passsando_letra_B_retorna_numero_2" computerName="IMPETO56" duration="00:00:00.0002250" startTime="2011-08-16T15:35:07.1872619-03:00" endTime="2011-08-16T15:35:07.1911679-03:00" testType="13cdc9d9-ddb5-4fa4-a97d-d965ccfc6d4b" outcome="Passed" testListId="8c84fa94-04c1-424b-9868-57a2d4851a1d" relativeResultsDirectory="f845dff8-58f2-4bf1-8716-cae37a0d1545">
    </UnitTestResult>
    <UnitTestResult executionId="3c5cebe1-0b8f-4f43-be99-fc8911745940" testId="cced0b66-1e82-7460-cac2-eb024454e4e5" testName="Passsando_letra_C_retorna_numero_2" computerName="IMPETO56" duration="00:00:00.0205336" startTime="2011-08-16T15:35:07.1931209-03:00" endTime="2011-08-16T15:35:07.2194864-03:00" testType="13cdc9d9-ddb5-4fa4-a97d-d965ccfc6d4b" outcome="Failed" testListId="8c84fa94-04c1-424b-9868-57a2d4851a1d" relativeResultsDirectory="3c5cebe1-0b8f-4f43-be99-fc8911745940">
      <Output>
        <ErrorInfo>
          <Message>Assert.AreEqual failed. Expected:&lt;2&gt;. Actual:&lt;C&gt;. </Message>
          <StackTrace>   at dojoTelefone.Test.TelefoneTest.Passsando_letra_C_retorna_numero_2() in D:\Dojo\DojoImpeto\telefone\dojoTelefone\dojoTelefone.Test\TelefoneTest.cs:line 57
</StackTrace>
        </ErrorInfo>
      </Output>
    </UnitTestResult>
    <UnitTestResult executionId="6a1f0da8-4f20-4ec6-a0b6-eb5462430fcf" testId="e90b7508-50af-ea86-ae73-6cd0dbc6274d" testName="Passsando_letra_A_retorna_numero_2" computerName="IMPETO56" duration="00:00:00.0002096" startTime="2011-08-16T15:35:07.2224159-03:00" endTime="2011-08-16T15:35:07.2272984-03:00" testType="13cdc9d9-ddb5-4fa4-a97d-d965ccfc6d4b" outcome="Passed" testListId="8c84fa94-04c1-424b-9868-57a2d4851a1d" relativeResultsDirectory="6a1f0da8-4f20-4ec6-a0b6-eb5462430fcf">
    </UnitTestResult>
  </Results>
</TestRun>